<?xml version="1.0" encoding="UTF-8"?>
<!-- Generated by org.testng.reporters.JUnitXMLReporter -->
<testsuite hostname="DESKTOP-8KRE8I6" ignored="0" name="my-test" tests="8" failures="0" timestamp="2020-09-29T21:15:51 CDT" time="120.892" errors="0">
  <testcase name="validLoginTest" time="9.323" classname="Com.sanity.tests.LoginTests"/>
  <testcase name="validLoginTest" time="2.879" classname="Com.sanity.tests.Loginworngpwd"/>
  <testcase name="validForgotpwdTest" time="11.362" classname="Com.sanity.tests.Lgnforgotpassword"/>
  <testcase name="validLoginorretuserTest" time="2.898" classname="Com.sanity.tests.Loginincorreruser"/>
  <testcase name="validTrailTest" time="6.123" classname="Com.sanity.tests.Trail2a"/>
  <testcase name="validTrailTest2" time="5.665" classname="Com.sanity.tests.Trail2b"/>
  <testcase name="validTrailTest3" time="8.865" classname="Com.sanity.tests.Trail2c"/>
  <testcase name="validTrailTest3" time="2.143" classname="Com.sanity.tests.Trail2D"/>
</testsuite> <!-- my-test -->
