<?xml version="1.0" encoding="UTF-8"?>
<testng-results skipped="0" failed="0" ignored="0" total="8" passed="8">
  <reporter-output>
  </reporter-output>
  <suite name="my-suite" duration-ms="120892" started-at="2020-09-29T21:13:51 CDT" finished-at="2020-09-29T21:15:51 CDT">
    <groups>
    </groups>
    <test name="my-test" duration-ms="120892" started-at="2020-09-29T21:13:51 CDT" finished-at="2020-09-29T21:15:51 CDT">
      <class name="Com.sanity.tests.Loginworngpwd">
        <test-method status="PASS" signature="setUpBeforeClass()[pri:0, instance:Com.sanity.tests.Loginworngpwd@610694f1]" name="setUpBeforeClass" is-config="true" duration-ms="2" started-at="2020-09-29T21:14:12 CDT" finished-at="2020-09-29T21:14:12 CDT">
          <reporter-output>
          </reporter-output>
        </test-method> <!-- setUpBeforeClass -->
        <test-method status="PASS" signature="setUp()[pri:0, instance:Com.sanity.tests.Loginworngpwd@610694f1]" name="setUp" is-config="true" duration-ms="6443" started-at="2020-09-29T21:14:12 CDT" finished-at="2020-09-29T21:14:18 CDT">
          <reporter-output>
          </reporter-output>
        </test-method> <!-- setUp -->
        <test-method status="PASS" signature="validLoginTest()[pri:0, instance:Com.sanity.tests.Loginworngpwd@610694f1]" name="validLoginTest" duration-ms="2879" started-at="2020-09-29T21:14:18 CDT" finished-at="2020-09-29T21:14:21 CDT">
          <reporter-output>
          </reporter-output>
        </test-method> <!-- validLoginTest -->
        <test-method status="PASS" signature="tearDown()[pri:0, instance:Com.sanity.tests.Loginworngpwd@610694f1]" name="tearDown" is-config="true" duration-ms="2091" started-at="2020-09-29T21:14:21 CDT" finished-at="2020-09-29T21:14:23 CDT">
          <reporter-output>
          </reporter-output>
        </test-method> <!-- tearDown -->
      </class> <!-- Com.sanity.tests.Loginworngpwd -->
      <class name="Com.sanity.tests.Trail2a">
        <test-method status="PASS" signature="setUpBeforeClass()[pri:0, instance:Com.sanity.tests.Trail2a@3701eaf6]" name="setUpBeforeClass" is-config="true" duration-ms="1" started-at="2020-09-29T21:14:53 CDT" finished-at="2020-09-29T21:14:53 CDT">
          <reporter-output>
          </reporter-output>
        </test-method> <!-- setUpBeforeClass -->
        <test-method status="PASS" signature="setUp()[pri:0, instance:Com.sanity.tests.Trail2a@3701eaf6]" name="setUp" is-config="true" duration-ms="7388" started-at="2020-09-29T21:14:53 CDT" finished-at="2020-09-29T21:15:00 CDT">
          <reporter-output>
          </reporter-output>
        </test-method> <!-- setUp -->
        <test-method status="PASS" signature="validTrailTest()[pri:0, instance:Com.sanity.tests.Trail2a@3701eaf6]" name="validTrailTest" duration-ms="6123" started-at="2020-09-29T21:15:00 CDT" finished-at="2020-09-29T21:15:06 CDT">
          <reporter-output>
          </reporter-output>
        </test-method> <!-- validTrailTest -->
        <test-method status="PASS" signature="tearDown()[pri:0, instance:Com.sanity.tests.Trail2a@3701eaf6]" name="tearDown" is-config="true" duration-ms="1667" started-at="2020-09-29T21:15:06 CDT" finished-at="2020-09-29T21:15:08 CDT">
          <reporter-output>
          </reporter-output>
        </test-method> <!-- tearDown -->
      </class> <!-- Com.sanity.tests.Trail2a -->
      <class name="Com.sanity.tests.Trail2b">
        <test-method status="PASS" signature="setUpBeforeClass()[pri:0, instance:Com.sanity.tests.Trail2b@627551fb]" name="setUpBeforeClass" is-config="true" duration-ms="1" started-at="2020-09-29T21:15:08 CDT" finished-at="2020-09-29T21:15:08 CDT">
          <reporter-output>
          </reporter-output>
        </test-method> <!-- setUpBeforeClass -->
        <test-method status="PASS" signature="setUp()[pri:0, instance:Com.sanity.tests.Trail2b@627551fb]" name="setUp" is-config="true" duration-ms="7497" started-at="2020-09-29T21:15:08 CDT" finished-at="2020-09-29T21:15:15 CDT">
          <reporter-output>
          </reporter-output>
        </test-method> <!-- setUp -->
        <test-method status="PASS" signature="validTrailTest2()[pri:0, instance:Com.sanity.tests.Trail2b@627551fb]" name="validTrailTest2" duration-ms="5665" started-at="2020-09-29T21:15:15 CDT" finished-at="2020-09-29T21:15:21 CDT">
          <reporter-output>
          </reporter-output>
        </test-method> <!-- validTrailTest2 -->
      </class> <!-- Com.sanity.tests.Trail2b -->
      <class name="Com.sanity.tests.Loginincorreruser">
        <test-method status="PASS" signature="setUpBeforeClass()[pri:0, instance:Com.sanity.tests.Loginincorreruser@5c5a1b69]" name="setUpBeforeClass" is-config="true" duration-ms="1" started-at="2020-09-29T21:14:42 CDT" finished-at="2020-09-29T21:14:42 CDT">
          <reporter-output>
          </reporter-output>
        </test-method> <!-- setUpBeforeClass -->
        <test-method status="PASS" signature="setUp()[pri:0, instance:Com.sanity.tests.Loginincorreruser@5c5a1b69]" name="setUp" is-config="true" duration-ms="5701" started-at="2020-09-29T21:14:42 CDT" finished-at="2020-09-29T21:14:48 CDT">
          <reporter-output>
          </reporter-output>
        </test-method> <!-- setUp -->
        <test-method status="PASS" signature="validLoginorretuserTest()[pri:0, instance:Com.sanity.tests.Loginincorreruser@5c5a1b69]" name="validLoginorretuserTest" duration-ms="2898" started-at="2020-09-29T21:14:48 CDT" finished-at="2020-09-29T21:14:51 CDT">
          <reporter-output>
          </reporter-output>
        </test-method> <!-- validLoginorretuserTest -->
        <test-method status="PASS" signature="tearDown()[pri:0, instance:Com.sanity.tests.Loginincorreruser@5c5a1b69]" name="tearDown" is-config="true" duration-ms="1989" started-at="2020-09-29T21:14:51 CDT" finished-at="2020-09-29T21:14:53 CDT">
          <reporter-output>
          </reporter-output>
        </test-method> <!-- tearDown -->
      </class> <!-- Com.sanity.tests.Loginincorreruser -->
      <class name="Com.sanity.tests.Trail2c">
        <test-method status="PASS" signature="setUpBeforeClass()[pri:0, instance:Com.sanity.tests.Trail2c@2b552920]" name="setUpBeforeClass" is-config="true" duration-ms="1" started-at="2020-09-29T21:15:21 CDT" finished-at="2020-09-29T21:15:21 CDT">
          <reporter-output>
          </reporter-output>
        </test-method> <!-- setUpBeforeClass -->
        <test-method status="PASS" signature="setUp()[pri:0, instance:Com.sanity.tests.Trail2c@2b552920]" name="setUp" is-config="true" duration-ms="7933" started-at="2020-09-29T21:15:21 CDT" finished-at="2020-09-29T21:15:29 CDT">
          <reporter-output>
          </reporter-output>
        </test-method> <!-- setUp -->
        <test-method status="PASS" signature="validTrailTest3()[pri:0, instance:Com.sanity.tests.Trail2c@2b552920]" name="validTrailTest3" duration-ms="8865" started-at="2020-09-29T21:15:29 CDT" finished-at="2020-09-29T21:15:38 CDT">
          <reporter-output>
          </reporter-output>
        </test-method> <!-- validTrailTest3 -->
      </class> <!-- Com.sanity.tests.Trail2c -->
      <class name="Com.sanity.tests.LoginTests">
        <test-method status="PASS" signature="setUpBeforeClass()[pri:0, instance:Com.sanity.tests.LoginTests@5ae63ade]" name="setUpBeforeClass" is-config="true" duration-ms="16" started-at="2020-09-29T21:13:51 CDT" finished-at="2020-09-29T21:13:51 CDT">
          <reporter-output>
          </reporter-output>
        </test-method> <!-- setUpBeforeClass -->
        <test-method status="PASS" signature="setUp()[pri:0, instance:Com.sanity.tests.LoginTests@5ae63ade]" name="setUp" is-config="true" duration-ms="10100" started-at="2020-09-29T21:13:51 CDT" finished-at="2020-09-29T21:14:01 CDT">
          <reporter-output>
          </reporter-output>
        </test-method> <!-- setUp -->
        <test-method status="PASS" signature="validLoginTest()[pri:0, instance:Com.sanity.tests.LoginTests@5ae63ade]" name="validLoginTest" duration-ms="9323" started-at="2020-09-29T21:14:01 CDT" finished-at="2020-09-29T21:14:10 CDT">
          <reporter-output>
          </reporter-output>
        </test-method> <!-- validLoginTest -->
        <test-method status="PASS" signature="tearDown()[pri:0, instance:Com.sanity.tests.LoginTests@5ae63ade]" name="tearDown" is-config="true" duration-ms="1700" started-at="2020-09-29T21:14:10 CDT" finished-at="2020-09-29T21:14:12 CDT">
          <reporter-output>
          </reporter-output>
        </test-method> <!-- tearDown -->
      </class> <!-- Com.sanity.tests.LoginTests -->
      <class name="Com.sanity.tests.Lgnforgotpassword">
        <test-method status="PASS" signature="setUpBeforeClass()[pri:0, instance:Com.sanity.tests.Lgnforgotpassword@43814d18]" name="setUpBeforeClass" is-config="true" duration-ms="1" started-at="2020-09-29T21:14:23 CDT" finished-at="2020-09-29T21:14:23 CDT">
          <reporter-output>
          </reporter-output>
        </test-method> <!-- setUpBeforeClass -->
        <test-method status="PASS" signature="setUp()[pri:0, instance:Com.sanity.tests.Lgnforgotpassword@43814d18]" name="setUp" is-config="true" duration-ms="5745" started-at="2020-09-29T21:14:23 CDT" finished-at="2020-09-29T21:14:29 CDT">
          <reporter-output>
          </reporter-output>
        </test-method> <!-- setUp -->
        <test-method status="PASS" signature="validForgotpwdTest()[pri:0, instance:Com.sanity.tests.Lgnforgotpassword@43814d18]" name="validForgotpwdTest" duration-ms="11362" started-at="2020-09-29T21:14:29 CDT" finished-at="2020-09-29T21:14:40 CDT">
          <reporter-output>
          </reporter-output>
        </test-method> <!-- validForgotpwdTest -->
        <test-method status="PASS" signature="tearDown()[pri:0, instance:Com.sanity.tests.Lgnforgotpassword@43814d18]" name="tearDown" is-config="true" duration-ms="1985" started-at="2020-09-29T21:14:40 CDT" finished-at="2020-09-29T21:14:42 CDT">
          <reporter-output>
          </reporter-output>
        </test-method> <!-- tearDown -->
      </class> <!-- Com.sanity.tests.Lgnforgotpassword -->
      <class name="Com.sanity.tests.Trail2D">
        <test-method status="PASS" signature="setUpBeforeClass()[pri:0, instance:Com.sanity.tests.Trail2D@2758fe70]" name="setUpBeforeClass" is-config="true" duration-ms="1" started-at="2020-09-29T21:15:38 CDT" finished-at="2020-09-29T21:15:38 CDT">
          <reporter-output>
          </reporter-output>
        </test-method> <!-- setUpBeforeClass -->
        <test-method status="PASS" signature="setUp()[pri:0, instance:Com.sanity.tests.Trail2D@2758fe70]" name="setUp" is-config="true" duration-ms="11300" started-at="2020-09-29T21:15:38 CDT" finished-at="2020-09-29T21:15:49 CDT">
          <reporter-output>
          </reporter-output>
        </test-method> <!-- setUp -->
        <test-method status="PASS" signature="validTrailTest3()[pri:0, instance:Com.sanity.tests.Trail2D@2758fe70]" name="validTrailTest3" duration-ms="2143" started-at="2020-09-29T21:15:49 CDT" finished-at="2020-09-29T21:15:51 CDT">
          <reporter-output>
          </reporter-output>
        </test-method> <!-- validTrailTest3 -->
      </class> <!-- Com.sanity.tests.Trail2D -->
    </test> <!-- my-test -->
  </suite> <!-- my-suite -->
</testng-results>
